<?xml version="1.0" encoding="UTF-8"?>
<!-- Generated by org.testng.reporters.JUnitReportReporter -->
<testsuite hostname="LAPTOP-VUBQFE7P" failures="0" tests="11" name="com.juaracoding.cucumber.step_definitions.RunnerTest" time="6.464" errors="0" timestamp="2022-12-26T22:59:59 WIB" skipped="0">
  <testcase classname="com.juaracoding.cucumber.step_definitions.RunnerTest" name="runScenario" time="1.470"/>
  <system-out/>
  <testcase classname="com.juaracoding.cucumber.step_definitions.RunnerTest" name="runScenario" time="0.226"/>
  <system-out/>
  <testcase classname="com.juaracoding.cucumber.step_definitions.RunnerTest" name="runScenario" time="0.261"/>
  <system-out/>
  <testcase classname="com.juaracoding.cucumber.step_definitions.RunnerTest" name="runScenario" time="0.287"/>
  <system-out/>
  <testcase classname="com.juaracoding.cucumber.step_definitions.RunnerTest" name="runScenario" time="2.221"/>
  <system-out/>
  <testcase classname="com.juaracoding.cucumber.step_definitions.RunnerTest" name="runScenario" time="0.659"/>
  <system-out/>
  <testcase classname="com.juaracoding.cucumber.step_definitions.RunnerTest" name="runScenario" time="0.282"/>
  <system-out/>
  <testcase classname="com.juaracoding.cucumber.step_definitions.RunnerTest" name="runScenario" time="0.297"/>
  <system-out/>
  <testcase classname="com.juaracoding.cucumber.step_definitions.RunnerTest" name="runScenario" time="0.219"/>
  <system-out/>
  <testcase classname="com.juaracoding.cucumber.step_definitions.RunnerTest" name="runScenario" time="0.242"/>
  <system-out/>
  <testcase classname="com.juaracoding.cucumber.step_definitions.RunnerTest" name="runScenario" time="0.300"/>
  <system-out/>
</testsuite> <!-- com.juaracoding.cucumber.step_definitions.RunnerTest -->
