<?xml version="1.0" encoding="UTF-8"?>
<!-- Generated by org.testng.reporters.JUnitReportReporter -->
<testsuite hostname="LAPTOP-VUBQFE7P" failures="0" tests="3" name="com.juaracoding.cucumber.step_definitions.RunnerTest" time="7.627" errors="0" timestamp="2022-12-23T18:40:46 WIB" skipped="0">
  <testcase classname="com.juaracoding.cucumber.step_definitions.RunnerTest" name="runScenario" time="3.350"/>
  <system-out/>
  <testcase classname="com.juaracoding.cucumber.step_definitions.RunnerTest" name="runScenario" time="3.938"/>
  <system-out/>
  <testcase classname="com.juaracoding.cucumber.step_definitions.RunnerTest" name="runScenario" time="0.339"/>
  <system-out/>
</testsuite> <!-- com.juaracoding.cucumber.step_definitions.RunnerTest -->
