<?xml version="1.0" encoding="UTF-8"?>
<!-- Generated by org.testng.reporters.JUnitReportReporter -->
<testsuite hostname="LAPTOP-VUBQFE7P" failures="2" tests="43" name="com.juaracoding.cucumber.step_definitions.RunnerTest" time="77.682" errors="0" timestamp="2022-12-30T03:32:14 WIB" skipped="0">
  <testcase classname="com.juaracoding.cucumber.step_definitions.RunnerTest" name="runScenario" time="2.571"/>
  <system-out/>
  <testcase classname="com.juaracoding.cucumber.step_definitions.RunnerTest" name="runScenario" time="2.468"/>
  <system-out/>
  <testcase classname="com.juaracoding.cucumber.step_definitions.RunnerTest" name="runScenario" time="0.238"/>
  <system-out/>
  <testcase classname="com.juaracoding.cucumber.step_definitions.RunnerTest" name="runScenario" time="1.324"/>
  <system-out/>
  <testcase classname="com.juaracoding.cucumber.step_definitions.RunnerTest" name="runScenario" time="1.026"/>
  <system-out/>
  <testcase classname="com.juaracoding.cucumber.step_definitions.RunnerTest" name="runScenario" time="1.277"/>
  <system-out/>
  <testcase classname="com.juaracoding.cucumber.step_definitions.RunnerTest" name="runScenario" time="3.724"/>
  <system-out/>
  <testcase classname="com.juaracoding.cucumber.step_definitions.RunnerTest" name="runScenario" time="1.530"/>
  <system-out/>
  <testcase classname="com.juaracoding.cucumber.step_definitions.RunnerTest" name="runScenario" time="1.484">
    <failure message="expected [https://dev.ptdika.com/tiket.com/position_tms/master_p_tms] but found [https://dev.ptdika.com/tiket.com/position_tms]" type="java.lang.AssertionError">
      <![CDATA[java.lang.AssertionError: expected [https://dev.ptdika.com/tiket.com/position_tms/master_p_tms] but found [https://dev.ptdika.com/tiket.com/position_tms]
at org.testng.Assert.fail(Assert.java:99)
at org.testng.Assert.failNotEquals(Assert.java:1037)
at org.testng.Assert.assertEqualsImpl(Assert.java:140)
at org.testng.Assert.assertEquals(Assert.java:122)
at org.testng.Assert.assertEquals(Assert.java:629)
at org.testng.Assert.assertEquals(Assert.java:639)
at com.juaracoding.cucumber.step_definitions.TestMasterPosition.user_back_to_master_position_page(TestMasterPosition.java:112)
at ✽.User back to master position page(file:///C:/Users/fauza/git/Kelompok-3-TMS/src/main/resources/features/09.MasterPosition.feature:33)
]]>
    </failure>
  </testcase> <!-- runScenario -->
  <system-out/>
  <testcase classname="com.juaracoding.cucumber.step_definitions.RunnerTest" name="runScenario" time="1.305"/>
  <system-out/>
  <testcase classname="com.juaracoding.cucumber.step_definitions.RunnerTest" name="runScenario" time="2.283"/>
  <system-out/>
  <testcase classname="com.juaracoding.cucumber.step_definitions.RunnerTest" name="runScenario" time="0.309"/>
  <system-out/>
  <testcase classname="com.juaracoding.cucumber.step_definitions.RunnerTest" name="runScenario" time="2.511"/>
  <system-out/>
  <testcase classname="com.juaracoding.cucumber.step_definitions.RunnerTest" name="runScenario" time="3.310"/>
  <system-out/>
  <testcase classname="com.juaracoding.cucumber.step_definitions.RunnerTest" name="runScenario" time="2.106"/>
  <system-out/>
  <testcase classname="com.juaracoding.cucumber.step_definitions.RunnerTest" name="runScenario" time="3.797"/>
  <system-out/>
  <testcase classname="com.juaracoding.cucumber.step_definitions.RunnerTest" name="runScenario" time="3.890">
    <failure message="expected [Form Add] but found [Tambah]" type="java.lang.AssertionError">
      <![CDATA[java.lang.AssertionError: expected [Form Add] but found [Tambah]
at org.testng.Assert.fail(Assert.java:99)
at org.testng.Assert.failNotEquals(Assert.java:1037)
at org.testng.Assert.assertEqualsImpl(Assert.java:140)
at org.testng.Assert.assertEquals(Assert.java:122)
at org.testng.Assert.assertEquals(Assert.java:629)
at org.testng.Assert.assertEquals(Assert.java:639)
at com.juaracoding.cucumber.step_definitions.TestParameterShifting.user_get_field_edit_null_alert_shifting(TestParameterShifting.java:91)
at ✽.User get field edit null alert shifting(file:///C:/Users/fauza/git/Kelompok-3-TMS/src/main/resources/features/07.ParameterShifting.feature:27)
]]>
    </failure>
  </testcase> <!-- runScenario -->
  <system-out/>
  <testcase classname="com.juaracoding.cucumber.step_definitions.RunnerTest" name="runScenario" time="3.219"/>
  <system-out/>
  <testcase classname="com.juaracoding.cucumber.step_definitions.RunnerTest" name="runScenario" time="1.724"/>
  <system-out/>
  <testcase classname="com.juaracoding.cucumber.step_definitions.RunnerTest" name="runScenario" time="1.904"/>
  <system-out/>
  <testcase classname="com.juaracoding.cucumber.step_definitions.RunnerTest" name="runScenario" time="0.232"/>
  <system-out/>
  <testcase classname="com.juaracoding.cucumber.step_definitions.RunnerTest" name="runScenario" time="2.149"/>
  <system-out/>
  <testcase classname="com.juaracoding.cucumber.step_definitions.RunnerTest" name="runScenario" time="1.345"/>
  <system-out/>
  <testcase classname="com.juaracoding.cucumber.step_definitions.RunnerTest" name="runScenario" time="2.155"/>
  <system-out/>
  <testcase classname="com.juaracoding.cucumber.step_definitions.RunnerTest" name="runScenario" time="3.156"/>
  <system-out/>
  <testcase classname="com.juaracoding.cucumber.step_definitions.RunnerTest" name="runScenario" time="0.273"/>
  <system-out/>
  <testcase classname="com.juaracoding.cucumber.step_definitions.RunnerTest" name="runScenario" time="1.960"/>
  <system-out/>
  <testcase classname="com.juaracoding.cucumber.step_definitions.RunnerTest" name="runScenario" time="0.515"/>
  <system-out/>
  <testcase classname="com.juaracoding.cucumber.step_definitions.RunnerTest" name="runScenario" time="1.577"/>
  <system-out/>
  <testcase classname="com.juaracoding.cucumber.step_definitions.RunnerTest" name="runScenario" time="0.230"/>
  <system-out/>
  <testcase classname="com.juaracoding.cucumber.step_definitions.RunnerTest" name="runScenario" time="1.271"/>
  <system-out/>
  <testcase classname="com.juaracoding.cucumber.step_definitions.RunnerTest" name="runScenario" time="1.205"/>
  <system-out/>
  <testcase classname="com.juaracoding.cucumber.step_definitions.RunnerTest" name="runScenario" time="3.824"/>
  <system-out/>
  <testcase classname="com.juaracoding.cucumber.step_definitions.RunnerTest" name="runScenario" time="1.276"/>
  <system-out/>
  <testcase classname="com.juaracoding.cucumber.step_definitions.RunnerTest" name="runScenario" time="1.284"/>
  <system-out/>
  <testcase classname="com.juaracoding.cucumber.step_definitions.RunnerTest" name="runScenario" time="1.092"/>
  <system-out/>
  <testcase classname="com.juaracoding.cucumber.step_definitions.RunnerTest" name="runScenario" time="2.536"/>
  <system-out/>
  <testcase classname="com.juaracoding.cucumber.step_definitions.RunnerTest" name="runScenario" time="2.005"/>
  <system-out/>
  <testcase classname="com.juaracoding.cucumber.step_definitions.RunnerTest" name="runScenario" time="1.351"/>
  <system-out/>
  <testcase classname="com.juaracoding.cucumber.step_definitions.RunnerTest" name="runScenario" time="1.295"/>
  <system-out/>
  <testcase classname="com.juaracoding.cucumber.step_definitions.RunnerTest" name="runScenario" time="2.455"/>
  <system-out/>
  <testcase classname="com.juaracoding.cucumber.step_definitions.RunnerTest" name="runScenario" time="1.246"/>
  <system-out/>
  <testcase classname="com.juaracoding.cucumber.step_definitions.RunnerTest" name="runScenario" time="1.250"/>
  <system-out/>
</testsuite> <!-- com.juaracoding.cucumber.step_definitions.RunnerTest -->
